<?xml version="1.0" encoding="UTF-8"?>
<!-- Generated by org.testng.reporters.JUnitReportReporter -->
<testsuite hostname="user" failures="0" tests="6" name="sampleRestassured.restassuredE2EFlowPOC.AppTest" time="9.960" errors="0" timestamp="2022-06-30T09:06:50 IST" skipped="0">
  <testcase classname="sampleRestassured.restassuredE2EFlowPOC.AppTest" name="getAllVotes" time="6.679"/>
  <system-out/>
  <testcase classname="sampleRestassured.restassuredE2EFlowPOC.AppTest" name="getRandomVote" time="0.599"/>
  <system-out/>
  <testcase classname="sampleRestassured.restassuredE2EFlowPOC.AppTest" name="postVote" time="1.180"/>
  <system-out/>
  <testcase classname="sampleRestassured.restassuredE2EFlowPOC.AppTest" name="newlyPostedGetVote" time="0.471"/>
  <system-out/>
  <testcase classname="sampleRestassured.restassuredE2EFlowPOC.AppTest" name="deleteVote" time="0.552"/>
  <system-out/>
  <testcase classname="sampleRestassured.restassuredE2EFlowPOC.AppTest" name="getDeletedDVote" time="0.479"/>
  <system-out/>
</testsuite> <!-- sampleRestassured.restassuredE2EFlowPOC.AppTest -->
